0 verbose cli [
0 verbose cli   'C:\\Program Files\\nodejs\\node.exe',
0 verbose cli   'C:\\Users\\ABH176\\AppData\\Roaming\\npm\\node_modules\\npm\\bin\\npm-cli.js',
0 verbose cli   'run',
0 verbose cli   'serve'
0 verbose cli ]
1 info using npm@7.5.2
2 info using node@v14.15.1
3 timing config:load:defaults Completed in 8ms
4 timing config:load:file:C:\Users\ABH176\AppData\Roaming\npm\node_modules\npm\npmrc Completed in 4ms
5 timing config:load:builtin Completed in 4ms
6 timing config:load:cli Completed in 3ms
7 timing config:load:env Completed in 2ms
8 timing config:load:file:C:\Users\ABH176\source\poc\Vue-learn\vue-getting-started-master\07-accessing-data\end\vue-heroes\.npmrc Completed in 2ms
9 timing config:load:project Completed in 3ms
10 timing config:load:file:C:\Users\ABH176\.npmrc Completed in 2ms
11 timing config:load:user Completed in 3ms
12 timing config:load:file:C:\Users\ABH176\AppData\Roaming\npm\etc\npmrc Completed in 1ms
13 timing config:load:global Completed in 1ms
14 timing config:load:cafile Completed in 0ms
15 timing config:load:validate Completed in 4ms
16 timing config:load:setUserAgent Completed in 1ms
17 timing config:load:setEnvs Completed in 2ms
18 timing config:load Completed in 31ms
19 verbose npm-session 016276548678ed39
20 timing npm:load Completed in 62ms
21 http fetch GET 200 https://registry.npmjs.org/npm 677ms
22 timing command:run-script Completed in 124ms
23 notice [40m[37m[39m[49m
23 notice [40m[37mNew [33mminor[39m[37m version of npm available! [31m7.5.2[39m[37m -> [32m7.11.2[39m[37m[39m[49m
23 notice [40m[37mChangelog: [36mhttps://github.com/npm/cli/releases/tag/v7.11.2[39m[37m[39m[49m
23 notice [40m[37mRun [32mnpm install -g npm@7.11.2[39m[37m to update![39m[49m
23 notice [40m[37m[39m[49m
24 verbose stack Error: command failed
24 verbose stack     at ChildProcess.<anonymous> (C:\Users\ABH176\AppData\Roaming\npm\node_modules\npm\node_modules\@npmcli\promise-spawn\index.js:64:27)
24 verbose stack     at ChildProcess.emit (events.js:315:20)
24 verbose stack     at maybeClose (internal/child_process.js:1048:16)
24 verbose stack     at Process.ChildProcess._handle.onexit (internal/child_process.js:288:5)
25 verbose pkgid vue-heroes@0.1.0
26 verbose cwd C:\Users\ABH176\source\poc\Vue-learn\vue-getting-started-master\07-accessing-data\end\vue-heroes
27 verbose Windows_NT 10.0.19042
28 verbose argv "C:\\Program Files\\nodejs\\node.exe" "C:\\Users\\ABH176\\AppData\\Roaming\\npm\\node_modules\\npm\\bin\\npm-cli.js" "run" "serve"
29 verbose node v14.15.1
30 verbose npm  v7.5.2
31 error code 1
32 error path C:\Users\ABH176\source\poc\Vue-learn\vue-getting-started-master\07-accessing-data\end\vue-heroes
33 error command failed
34 error command C:\WINDOWS\system32\cmd.exe /d /s /c vue-cli-service serve
35 verbose exit 1
