0 verbose cli [
0 verbose cli   'C:\\Program Files\\nodejs\\node.exe',
0 verbose cli   'C:\\Program Files\\nodejs\\node_modules\\npm\\bin\\npm-cli.js',
0 verbose cli   'install',
0 verbose cli   '-g',
0 verbose cli   '@vue/devtools'
0 verbose cli ]
1 info using npm@7.11.2
2 info using node@v14.15.1
3 timing npm:load:whichnode Completed in 7ms
4 timing config:load:defaults Completed in 4ms
5 timing config:load:file:C:\Program Files\nodejs\node_modules\npm\npmrc Completed in 1ms
6 timing config:load:builtin Completed in 1ms
7 timing config:load:cli Completed in 3ms
8 timing config:load:env Completed in 1ms
9 timing config:load:file:C:\Users\ABH176\source\poc\Vue-learn\vue-getting-started-master\05-interacting-within-a-component\end\vue-heroes\.npmrc Completed in 3ms
10 timing config:load:project Completed in 5ms
11 timing config:load:file:C:\Users\ABH176\.npmrc Completed in 3ms
12 timing config:load:user Completed in 3ms
13 timing config:load:file:C:\Program Files\nodejs\etc\npmrc Completed in 1ms
14 timing config:load:global Completed in 1ms
15 timing config:load:validate Completed in 4ms
16 timing config:load:credentials Completed in 1ms
17 timing config:load:setEnvs Completed in 2ms
18 timing config:load Completed in 26ms
19 timing npm:load:configload Completed in 27ms
20 timing npm:load:setTitle Completed in 1ms
21 timing npm:load:setupLog Completed in 3ms
22 timing npm:load:cleanupLog Completed in 6ms
23 timing npm:load:configScope Completed in 0ms
24 timing npm:load:projectScope Completed in 1ms
25 timing npm:load Completed in 46ms
26 timing config:load:flatten Completed in 8ms
27 timing arborist:ctor Completed in 0ms
28 timing idealTree:init Completed in 6ms
29 timing idealTree:userRequests Completed in 2ms
30 silly idealTree buildDeps
31 silly fetch manifest @vue/devtools@*
32 http fetch GET 200 https://registry.npmjs.org/@vue%2fdevtools 2469ms
33 silly placeDep ROOT @vue/devtools@5.3.4 OK for:  want: *
34 silly fetch manifest cross-spawn@^5.1.0
35 silly fetch manifest electron@^7.0.0
36 silly fetch manifest express@^4.16.2
37 silly fetch manifest ip@^1.1.5
38 silly fetch manifest socket.io@^2.0.4
39 http fetch GET 200 https://registry.npmjs.org/cross-spawn 74ms
40 http fetch GET 200 https://registry.npmjs.org/ip 167ms
41 http fetch GET 200 https://registry.npmjs.org/socket.io 170ms
42 http fetch GET 200 https://registry.npmjs.org/express 202ms
43 http fetch GET 200 https://registry.npmjs.org/electron 240ms
44 timing idealTree:#root Completed in 2755ms
45 silly placeDep node_modules/@vue/devtools cross-spawn@5.1.0 OK for: @vue/devtools@5.3.4 want: ^5.1.0
46 silly placeDep node_modules/@vue/devtools electron@7.3.3 OK for: @vue/devtools@5.3.4 want: ^7.0.0
47 silly placeDep node_modules/@vue/devtools express@4.17.1 OK for: @vue/devtools@5.3.4 want: ^4.16.2
48 silly placeDep node_modules/@vue/devtools ip@1.1.5 OK for: @vue/devtools@5.3.4 want: ^1.1.5
49 silly placeDep node_modules/@vue/devtools socket.io@2.4.1 OK for: @vue/devtools@5.3.4 want: ^2.0.4
50 silly fetch manifest lru-cache@^4.0.1
51 silly fetch manifest shebang-command@^1.2.0
52 silly fetch manifest which@^1.2.9
53 silly fetch manifest @electron/get@^1.0.1
54 silly fetch manifest @types/node@^12.0.12
55 silly fetch manifest extract-zip@^1.0.3
56 silly fetch manifest accepts@~1.3.7
57 silly fetch manifest array-flatten@1.1.1
58 silly fetch manifest body-parser@1.19.0
59 silly fetch manifest content-disposition@0.5.3
60 silly fetch manifest content-type@~1.0.4
61 silly fetch manifest cookie@0.4.0
62 silly fetch manifest cookie-signature@1.0.6
63 silly fetch manifest debug@2.6.9
64 silly fetch manifest depd@~1.1.2
65 silly fetch manifest encodeurl@~1.0.2
66 silly fetch manifest escape-html@~1.0.3
67 silly fetch manifest etag@~1.8.1
68 silly fetch manifest finalhandler@~1.1.2
69 silly fetch manifest fresh@0.5.2
70 silly fetch manifest merge-descriptors@1.0.1
71 silly fetch manifest methods@~1.1.2
72 silly fetch manifest on-finished@~2.3.0
73 silly fetch manifest parseurl@~1.3.3
74 silly fetch manifest path-to-regexp@0.1.7
75 silly fetch manifest proxy-addr@~2.0.5
76 silly fetch manifest qs@6.7.0
77 silly fetch manifest range-parser@~1.2.1
78 silly fetch manifest safe-buffer@5.1.2
79 silly fetch manifest send@0.17.1
80 silly fetch manifest serve-static@1.14.1
81 silly fetch manifest setprototypeof@1.1.1
82 silly fetch manifest statuses@~1.5.0
83 silly fetch manifest type-is@~1.6.18
84 silly fetch manifest utils-merge@1.0.1
85 silly fetch manifest vary@~1.1.2
86 silly fetch manifest debug@~4.1.0
87 silly fetch manifest engine.io@~3.5.0
88 silly fetch manifest has-binary2@~1.0.2
89 silly fetch manifest socket.io-adapter@~1.1.0
90 silly fetch manifest socket.io-client@2.4.0
91 silly fetch manifest socket.io-parser@~3.4.0
92 http fetch GET 200 https://registry.npmjs.org/shebang-command 458ms
93 http fetch GET 200 https://registry.npmjs.org/lru-cache 481ms
94 http fetch GET 200 https://registry.npmjs.org/which 488ms
95 http fetch GET 200 https://registry.npmjs.org/escape-html 491ms
96 http fetch GET 200 https://registry.npmjs.org/etag 533ms
97 http fetch GET 200 https://registry.npmjs.org/encodeurl 549ms
98 http fetch GET 200 https://registry.npmjs.org/finalhandler 568ms
99 http fetch GET 200 https://registry.npmjs.org/content-type 591ms
100 http fetch GET 200 https://registry.npmjs.org/methods 591ms
101 http fetch GET 200 https://registry.npmjs.org/body-parser 620ms
102 http fetch GET 200 https://registry.npmjs.org/socket.io-client 601ms
103 http fetch GET 200 https://registry.npmjs.org/depd 641ms
104 http fetch GET 200 https://registry.npmjs.org/content-disposition 654ms
105 http fetch GET 200 https://registry.npmjs.org/fresh 640ms
106 http fetch GET 200 https://registry.npmjs.org/accepts 662ms
107 http fetch GET 200 https://registry.npmjs.org/vary 634ms
108 http fetch GET 200 https://registry.npmjs.org/cookie-signature 660ms
109 http fetch GET 200 https://registry.npmjs.org/array-flatten 670ms
110 http fetch GET 200 https://registry.npmjs.org/type-is 646ms
111 http fetch GET 200 https://registry.npmjs.org/debug 672ms
112 http fetch GET 200 https://registry.npmjs.org/merge-descriptors 669ms
113 http fetch GET 200 https://registry.npmjs.org/path-to-regexp 670ms
114 http fetch GET 200 https://registry.npmjs.org/on-finished 677ms
115 http fetch GET 200 https://registry.npmjs.org/proxy-addr 680ms
116 http fetch GET 200 https://registry.npmjs.org/cookie 698ms
117 http fetch GET 200 https://registry.npmjs.org/qs 682ms
118 http fetch GET 200 https://registry.npmjs.org/setprototypeof 692ms
119 http fetch GET 200 https://registry.npmjs.org/safe-buffer 695ms
120 http fetch GET 200 https://registry.npmjs.org/range-parser 696ms
121 http fetch GET 200 https://registry.npmjs.org/parseurl 701ms
122 http fetch GET 200 https://registry.npmjs.org/send 696ms
123 http fetch GET 200 https://registry.npmjs.org/statuses 696ms
124 http fetch GET 200 https://registry.npmjs.org/utils-merge 699ms
125 http fetch GET 200 https://registry.npmjs.org/serve-static 705ms
126 http fetch GET 200 https://registry.npmjs.org/engine.io 701ms
127 http fetch GET 200 https://registry.npmjs.org/socket.io-adapter 693ms
128 http fetch GET 200 https://registry.npmjs.org/socket.io-parser 692ms
129 http fetch GET 200 https://registry.npmjs.org/has-binary2 710ms
130 http fetch GET 200 https://registry.npmjs.org/@types%2fnode 749ms
131 http fetch GET 200 https://registry.npmjs.org/@electron%2fget 831ms
132 http fetch GET 200 https://registry.npmjs.org/extract-zip 1175ms
133 timing idealTree:node_modules/@vue/devtools Completed in 1207ms
134 silly placeDep node_modules/@vue/devtools lru-cache@4.1.5 OK for: cross-spawn@5.1.0 want: ^4.0.1
135 silly placeDep node_modules/@vue/devtools shebang-command@1.2.0 OK for: cross-spawn@5.1.0 want: ^1.2.0
136 silly placeDep node_modules/@vue/devtools which@1.3.1 OK for: cross-spawn@5.1.0 want: ^1.2.9
137 silly fetch manifest pseudomap@^1.0.2
138 silly fetch manifest yallist@^2.1.2
139 silly fetch manifest shebang-regex@^1.0.0
140 silly fetch manifest isexe@^2.0.0
141 http fetch GET 200 https://registry.npmjs.org/isexe 64ms
142 http fetch GET 200 https://registry.npmjs.org/yallist 68ms
143 http fetch GET 200 https://registry.npmjs.org/pseudomap 73ms
144 http fetch GET 200 https://registry.npmjs.org/shebang-regex 75ms
145 timing idealTree:node_modules/@vue/devtools/node_modules/cross-spawn Completed in 85ms
146 silly placeDep node_modules/@vue/devtools @electron/get@1.12.4 OK for: electron@7.3.3 want: ^1.0.1
147 silly placeDep node_modules/@vue/devtools @types/node@12.20.14 OK for: electron@7.3.3 want: ^12.0.12
148 silly placeDep node_modules/@vue/devtools extract-zip@1.7.0 OK for: electron@7.3.3 want: ^1.0.3
149 silly fetch manifest global-agent@^2.0.2
150 silly fetch manifest global-tunnel-ng@^2.7.1
151 silly fetch manifest debug@^4.1.1
152 silly fetch manifest env-paths@^2.2.0
153 silly fetch manifest fs-extra@^8.1.0
154 silly fetch manifest got@^9.6.0
155 silly fetch manifest progress@^2.0.3
156 silly fetch manifest semver@^6.2.0
157 silly fetch manifest sumchecker@^3.0.1
158 silly fetch manifest concat-stream@^1.6.2
159 silly fetch manifest debug@^2.6.9
160 silly fetch manifest mkdirp@^0.5.4
161 silly fetch manifest yauzl@^2.10.0
162 http fetch GET 200 https://registry.npmjs.org/concat-stream 204ms
163 http fetch GET 200 https://registry.npmjs.org/mkdirp 210ms
164 http fetch GET 200 https://registry.npmjs.org/global-tunnel-ng 225ms
165 http fetch GET 200 https://registry.npmjs.org/fs-extra 223ms
166 http fetch GET 200 https://registry.npmjs.org/semver 226ms
167 http fetch GET 200 https://registry.npmjs.org/global-agent 243ms
168 http fetch GET 200 https://registry.npmjs.org/env-paths 243ms
169 http fetch GET 200 https://registry.npmjs.org/yauzl 233ms
170 http fetch GET 200 https://registry.npmjs.org/progress 246ms
171 http fetch GET 200 https://registry.npmjs.org/sumchecker 249ms
172 http fetch GET 200 https://registry.npmjs.org/got 253ms
173 timing idealTree:node_modules/@vue/devtools/node_modules/electron Completed in 277ms
174 silly placeDep node_modules/@vue/devtools debug@4.3.1 OK for: @electron/get@1.12.4 want: ^4.1.1
175 silly placeDep node_modules/@vue/devtools env-paths@2.2.1 OK for: @electron/get@1.12.4 want: ^2.2.0
176 silly placeDep node_modules/@vue/devtools fs-extra@8.1.0 OK for: @electron/get@1.12.4 want: ^8.1.0
177 silly placeDep node_modules/@vue/devtools global-agent@2.2.0 OK for: @electron/get@1.12.4 want: ^2.0.2
178 silly placeDep node_modules/@vue/devtools global-tunnel-ng@2.7.1 OK for: @electron/get@1.12.4 want: ^2.7.1
179 silly placeDep node_modules/@vue/devtools got@9.6.0 OK for: @electron/get@1.12.4 want: ^9.6.0
180 silly placeDep node_modules/@vue/devtools progress@2.0.3 OK for: @electron/get@1.12.4 want: ^2.0.3
181 silly placeDep node_modules/@vue/devtools semver@6.3.0 OK for: @electron/get@1.12.4 want: ^6.2.0
182 silly placeDep node_modules/@vue/devtools sumchecker@3.0.1 OK for: @electron/get@1.12.4 want: ^3.0.1
183 silly fetch manifest ms@2.1.2
184 silly fetch manifest graceful-fs@^4.2.0
185 silly fetch manifest jsonfile@^4.0.0
186 silly fetch manifest universalify@^0.1.0
187 silly fetch manifest boolean@^3.0.1
188 silly fetch manifest core-js@^3.6.5
189 silly fetch manifest es6-error@^4.1.1
190 silly fetch manifest matcher@^3.0.0
191 silly fetch manifest roarr@^2.15.3
192 silly fetch manifest semver@^7.3.2
193 silly fetch manifest serialize-error@^7.0.1
194 silly fetch manifest encodeurl@^1.0.2
195 silly fetch manifest lodash@^4.17.10
196 silly fetch manifest npm-conf@^1.1.3
197 silly fetch manifest tunnel@^0.0.6
198 silly fetch manifest @sindresorhus/is@^0.14.0
199 silly fetch manifest @szmarczak/http-timer@^1.1.2
200 silly fetch manifest cacheable-request@^6.0.0
201 silly fetch manifest decompress-response@^3.3.0
202 silly fetch manifest duplexer3@^0.1.4
203 silly fetch manifest get-stream@^4.1.0
204 silly fetch manifest lowercase-keys@^1.0.1
205 silly fetch manifest mimic-response@^1.0.1
206 silly fetch manifest p-cancelable@^1.0.0
207 silly fetch manifest to-readable-stream@^1.0.0
208 silly fetch manifest url-parse-lax@^3.0.0
209 http fetch GET 200 https://registry.npmjs.org/duplexer3 323ms
210 http fetch GET 200 https://registry.npmjs.org/decompress-response 339ms
211 http fetch GET 200 https://registry.npmjs.org/universalify 378ms
212 http fetch GET 200 https://registry.npmjs.org/get-stream 338ms
213 http fetch GET 200 https://registry.npmjs.org/es6-error 383ms
214 http fetch GET 200 https://registry.npmjs.org/serialize-error 380ms
215 http fetch GET 200 https://registry.npmjs.org/jsonfile 395ms
216 http fetch GET 200 https://registry.npmjs.org/npm-conf 391ms
217 http fetch GET 200 https://registry.npmjs.org/cacheable-request 381ms
218 http fetch GET 200 https://registry.npmjs.org/tunnel 395ms
219 http fetch GET 200 https://registry.npmjs.org/roarr 408ms
220 http fetch GET 200 https://registry.npmjs.org/lowercase-keys 386ms
221 http fetch GET 200 https://registry.npmjs.org/mimic-response 386ms
222 http fetch GET 200 https://registry.npmjs.org/matcher 426ms
223 http fetch GET 200 https://registry.npmjs.org/boolean 431ms
224 http fetch GET 200 https://registry.npmjs.org/graceful-fs 439ms
225 http fetch GET 200 https://registry.npmjs.org/url-parse-lax 393ms
226 http fetch GET 200 https://registry.npmjs.org/lodash 431ms
227 http fetch GET 200 https://registry.npmjs.org/core-js 452ms
228 http fetch GET 200 https://registry.npmjs.org/ms 464ms
229 http fetch GET 200 https://registry.npmjs.org/to-readable-stream 415ms
230 http fetch GET 200 https://registry.npmjs.org/p-cancelable 416ms
231 http fetch GET 200 https://registry.npmjs.org/@szmarczak%2fhttp-timer 444ms
232 http fetch GET 200 https://registry.npmjs.org/@sindresorhus%2fis 449ms
233 timing idealTree:node_modules/@vue/devtools/node_modules/@electron/get Completed in 504ms
234 timing idealTree:node_modules/@vue/devtools/node_modules/@types/node Completed in 0ms
235 silly placeDep node_modules/@vue/devtools ms@2.1.2 OK for: debug@4.3.1 want: 2.1.2
236 timing idealTree:node_modules/@vue/devtools/node_modules/debug Completed in 2ms
237 timing idealTree:node_modules/@vue/devtools/node_modules/env-paths Completed in 0ms
238 silly placeDep node_modules/@vue/devtools accepts@1.3.7 OK for: express@4.17.1 want: ~1.3.7
239 silly placeDep node_modules/@vue/devtools array-flatten@1.1.1 OK for: express@4.17.1 want: 1.1.1
240 silly placeDep node_modules/@vue/devtools body-parser@1.19.0 OK for: express@4.17.1 want: 1.19.0
241 silly placeDep node_modules/@vue/devtools content-disposition@0.5.3 OK for: express@4.17.1 want: 0.5.3
242 silly placeDep node_modules/@vue/devtools content-type@1.0.4 OK for: express@4.17.1 want: ~1.0.4
243 silly placeDep node_modules/@vue/devtools cookie@0.4.0 OK for: express@4.17.1 want: 0.4.0
244 silly placeDep node_modules/@vue/devtools cookie-signature@1.0.6 OK for: express@4.17.1 want: 1.0.6
245 silly placeDep node_modules/@vue/devtools/node_modules/express debug@2.6.9 OK for: express@4.17.1 want: 2.6.9
246 silly placeDep node_modules/@vue/devtools depd@1.1.2 OK for: express@4.17.1 want: ~1.1.2
247 silly placeDep node_modules/@vue/devtools encodeurl@1.0.2 OK for: express@4.17.1 want: ~1.0.2
248 silly placeDep node_modules/@vue/devtools escape-html@1.0.3 OK for: express@4.17.1 want: ~1.0.3
249 silly placeDep node_modules/@vue/devtools etag@1.8.1 OK for: express@4.17.1 want: ~1.8.1
250 silly placeDep node_modules/@vue/devtools finalhandler@1.1.2 OK for: express@4.17.1 want: ~1.1.2
251 silly placeDep node_modules/@vue/devtools fresh@0.5.2 OK for: express@4.17.1 want: 0.5.2
252 silly placeDep node_modules/@vue/devtools merge-descriptors@1.0.1 OK for: express@4.17.1 want: 1.0.1
253 silly placeDep node_modules/@vue/devtools methods@1.1.2 OK for: express@4.17.1 want: ~1.1.2
254 silly placeDep node_modules/@vue/devtools on-finished@2.3.0 OK for: express@4.17.1 want: ~2.3.0
255 silly placeDep node_modules/@vue/devtools parseurl@1.3.3 OK for: express@4.17.1 want: ~1.3.3
256 silly placeDep node_modules/@vue/devtools path-to-regexp@0.1.7 OK for: express@4.17.1 want: 0.1.7
257 silly placeDep node_modules/@vue/devtools proxy-addr@2.0.7 OK for: express@4.17.1 want: ~2.0.5
258 silly placeDep node_modules/@vue/devtools qs@6.7.0 OK for: express@4.17.1 want: 6.7.0
259 silly placeDep node_modules/@vue/devtools range-parser@1.2.1 OK for: express@4.17.1 want: ~1.2.1
260 silly placeDep node_modules/@vue/devtools safe-buffer@5.1.2 OK for: express@4.17.1 want: 5.1.2
261 silly placeDep node_modules/@vue/devtools send@0.17.1 OK for: express@4.17.1 want: 0.17.1
262 silly placeDep node_modules/@vue/devtools serve-static@1.14.1 OK for: express@4.17.1 want: 1.14.1
263 silly placeDep node_modules/@vue/devtools setprototypeof@1.1.1 OK for: express@4.17.1 want: 1.1.1
264 silly placeDep node_modules/@vue/devtools statuses@1.5.0 OK for: express@4.17.1 want: ~1.5.0
265 silly placeDep node_modules/@vue/devtools type-is@1.6.18 OK for: express@4.17.1 want: ~1.6.18
266 silly placeDep node_modules/@vue/devtools utils-merge@1.0.1 OK for: express@4.17.1 want: 1.0.1
267 silly placeDep node_modules/@vue/devtools vary@1.1.2 OK for: express@4.17.1 want: ~1.1.2
268 silly fetch manifest mime-types@~2.1.24
269 silly fetch manifest negotiator@0.6.2
270 silly fetch manifest bytes@3.1.0
271 silly fetch manifest http-errors@1.7.2
272 silly fetch manifest iconv-lite@0.4.24
273 silly fetch manifest raw-body@2.4.0
274 silly fetch manifest ms@2.0.0
275 silly fetch manifest unpipe@~1.0.0
276 silly fetch manifest ee-first@1.1.1
277 silly fetch manifest forwarded@0.2.0
278 silly fetch manifest ipaddr.js@1.9.1
279 silly fetch manifest destroy@~1.0.4
280 silly fetch manifest http-errors@~1.7.2
281 silly fetch manifest mime@1.6.0
282 silly fetch manifest ms@2.1.1
283 silly fetch manifest media-typer@0.3.0
284 http fetch GET 200 https://registry.npmjs.org/http-errors 170ms
285 http fetch GET 200 https://registry.npmjs.org/negotiator 183ms
286 http fetch GET 200 https://registry.npmjs.org/raw-body 185ms
287 http fetch GET 200 https://registry.npmjs.org/ipaddr.js 183ms
288 http fetch GET 200 https://registry.npmjs.org/mime-types 200ms
289 http fetch GET 200 https://registry.npmjs.org/iconv-lite 201ms
290 http fetch GET 200 https://registry.npmjs.org/media-typer 189ms
291 http fetch GET 200 https://registry.npmjs.org/mime 204ms
292 http fetch GET 200 https://registry.npmjs.org/forwarded 211ms
293 http fetch GET 200 https://registry.npmjs.org/destroy 216ms
294 http fetch GET 200 https://registry.npmjs.org/ee-first 228ms
295 http fetch GET 200 https://registry.npmjs.org/unpipe 241ms
296 http fetch GET 200 https://registry.npmjs.org/bytes 261ms
297 timing idealTree:node_modules/@vue/devtools/node_modules/express Completed in 309ms
298 silly placeDep node_modules/@vue/devtools mime-types@2.1.31 OK for: accepts@1.3.7 want: ~2.1.24
299 silly placeDep node_modules/@vue/devtools negotiator@0.6.2 OK for: accepts@1.3.7 want: 0.6.2
300 silly fetch manifest mime-db@1.48.0
301 http fetch GET 200 https://registry.npmjs.org/mime-db 139ms
302 timing idealTree:node_modules/@vue/devtools/node_modules/accepts Completed in 176ms
303 timing idealTree:node_modules/@vue/devtools/node_modules/array-flatten Completed in 0ms
304 silly placeDep node_modules/@vue/devtools bytes@3.1.0 OK for: body-parser@1.19.0 want: 3.1.0
305 silly placeDep node_modules/@vue/devtools/node_modules/body-parser debug@2.6.9 OK for: body-parser@1.19.0 want: 2.6.9
306 silly placeDep node_modules/@vue/devtools http-errors@1.7.2 OK for: body-parser@1.19.0 want: 1.7.2
307 silly placeDep node_modules/@vue/devtools iconv-lite@0.4.24 OK for: body-parser@1.19.0 want: 0.4.24
308 silly placeDep node_modules/@vue/devtools raw-body@2.4.0 OK for: body-parser@1.19.0 want: 2.4.0
309 silly fetch manifest inherits@2.0.3
310 silly fetch manifest toidentifier@1.0.0
311 silly fetch manifest safer-buffer@>= 2.1.2 < 3
312 silly fetch manifest unpipe@1.0.0
313 http fetch GET 200 https://registry.npmjs.org/toidentifier 67ms
314 http fetch GET 200 https://registry.npmjs.org/safer-buffer 71ms
315 http fetch GET 200 https://registry.npmjs.org/inherits 76ms
316 timing idealTree:node_modules/@vue/devtools/node_modules/body-parser Completed in 94ms
317 timing idealTree:node_modules/@vue/devtools/node_modules/bytes Completed in 0ms
318 timing idealTree:node_modules/@vue/devtools/node_modules/content-disposition Completed in 0ms
319 timing idealTree:node_modules/@vue/devtools/node_modules/content-type Completed in 0ms
320 timing idealTree:node_modules/@vue/devtools/node_modules/cookie Completed in 0ms
321 timing idealTree:node_modules/@vue/devtools/node_modules/cookie-signature Completed in 0ms
322 timing idealTree:node_modules/@vue/devtools/node_modules/depd Completed in 0ms
323 timing idealTree:node_modules/@vue/devtools/node_modules/encodeurl Completed in 0ms
324 timing idealTree:node_modules/@vue/devtools/node_modules/escape-html Completed in 0ms
325 timing idealTree:node_modules/@vue/devtools/node_modules/etag Completed in 0ms
326 silly placeDep node_modules/@vue/devtools concat-stream@1.6.2 OK for: extract-zip@1.7.0 want: ^1.6.2
327 silly placeDep node_modules/@vue/devtools/node_modules/extract-zip debug@2.6.9 OK for: extract-zip@1.7.0 want: ^2.6.9
328 silly placeDep node_modules/@vue/devtools mkdirp@0.5.5 OK for: extract-zip@1.7.0 want: ^0.5.4
329 silly placeDep node_modules/@vue/devtools yauzl@2.10.0 OK for: extract-zip@1.7.0 want: ^2.10.0
330 silly fetch manifest buffer-from@^1.0.0
331 silly fetch manifest inherits@^2.0.3
332 silly fetch manifest readable-stream@^2.2.2
333 silly fetch manifest typedarray@^0.0.6
334 silly fetch manifest minimist@^1.2.5
335 silly fetch manifest fd-slicer@~1.1.0
336 silly fetch manifest buffer-crc32@~0.2.3
337 http fetch GET 200 https://registry.npmjs.org/minimist 81ms
338 http fetch GET 200 https://registry.npmjs.org/typedarray 85ms
339 http fetch GET 200 https://registry.npmjs.org/buffer-from 95ms
340 http fetch GET 200 https://registry.npmjs.org/readable-stream 104ms
341 http fetch GET 200 https://registry.npmjs.org/fd-slicer 103ms
342 http fetch GET 200 https://registry.npmjs.org/buffer-crc32 103ms
343 timing idealTree:node_modules/@vue/devtools/node_modules/extract-zip Completed in 127ms
344 silly placeDep node_modules/@vue/devtools buffer-from@1.1.1 OK for: concat-stream@1.6.2 want: ^1.0.0
345 silly placeDep node_modules/@vue/devtools inherits@2.0.4 OK for: concat-stream@1.6.2 want: ^2.0.3
346 silly placeDep node_modules/@vue/devtools readable-stream@2.3.7 OK for: concat-stream@1.6.2 want: ^2.2.2
347 silly placeDep node_modules/@vue/devtools typedarray@0.0.6 OK for: concat-stream@1.6.2 want: ^0.0.6
348 silly fetch manifest core-util-is@~1.0.0
349 silly fetch manifest isarray@~1.0.0
350 silly fetch manifest process-nextick-args@~2.0.0
351 silly fetch manifest string_decoder@~1.1.1
352 silly fetch manifest util-deprecate@~1.0.1
353 http fetch GET 200 https://registry.npmjs.org/core-util-is 86ms
354 http fetch GET 200 https://registry.npmjs.org/isarray 89ms
355 http fetch GET 200 https://registry.npmjs.org/string_decoder 89ms
356 http fetch GET 200 https://registry.npmjs.org/util-deprecate 88ms
357 http fetch GET 200 https://registry.npmjs.org/process-nextick-args 99ms
358 timing idealTree:node_modules/@vue/devtools/node_modules/concat-stream Completed in 112ms
359 timing idealTree:node_modules/@vue/devtools/node_modules/buffer-from Completed in 0ms
360 silly placeDep node_modules/@vue/devtools/node_modules/finalhandler debug@2.6.9 OK for: finalhandler@1.1.2 want: 2.6.9
361 silly placeDep node_modules/@vue/devtools unpipe@1.0.0 OK for: finalhandler@1.1.2 want: ~1.0.0
362 timing idealTree:node_modules/@vue/devtools/node_modules/finalhandler Completed in 5ms
363 timing idealTree:node_modules/@vue/devtools/node_modules/fresh Completed in 0ms
364 silly placeDep node_modules/@vue/devtools graceful-fs@4.2.6 OK for: fs-extra@8.1.0 want: ^4.2.0
365 silly placeDep node_modules/@vue/devtools jsonfile@4.0.0 OK for: fs-extra@8.1.0 want: ^4.0.0
366 silly placeDep node_modules/@vue/devtools universalify@0.1.2 OK for: fs-extra@8.1.0 want: ^0.1.0
367 timing idealTree:node_modules/@vue/devtools/node_modules/fs-extra Completed in 6ms
368 silly placeDep node_modules/@vue/devtools boolean@3.1.0 OK for: global-agent@2.2.0 want: ^3.0.1
369 silly placeDep node_modules/@vue/devtools core-js@3.13.1 OK for: global-agent@2.2.0 want: ^3.6.5
370 silly placeDep node_modules/@vue/devtools es6-error@4.1.1 OK for: global-agent@2.2.0 want: ^4.1.1
371 silly placeDep node_modules/@vue/devtools matcher@3.0.0 OK for: global-agent@2.2.0 want: ^3.0.0
372 silly placeDep node_modules/@vue/devtools roarr@2.15.4 OK for: global-agent@2.2.0 want: ^2.15.3
373 silly placeDep node_modules/@vue/devtools/node_modules/global-agent semver@7.3.5 OK for: global-agent@2.2.0 want: ^7.3.2
374 silly placeDep node_modules/@vue/devtools serialize-error@7.0.1 OK for: global-agent@2.2.0 want: ^7.0.1
375 silly fetch manifest escape-string-regexp@^4.0.0
376 silly fetch manifest detect-node@^2.0.4
377 silly fetch manifest globalthis@^1.0.1
378 silly fetch manifest json-stringify-safe@^5.0.1
379 silly fetch manifest semver-compare@^1.0.0
380 silly fetch manifest sprintf-js@^1.1.2
381 silly fetch manifest lru-cache@^6.0.0
382 silly fetch manifest type-fest@^0.13.1
383 http fetch GET 200 https://registry.npmjs.org/escape-string-regexp 177ms
384 http fetch GET 200 https://registry.npmjs.org/semver-compare 194ms
385 http fetch GET 200 https://registry.npmjs.org/json-stringify-safe 203ms
386 http fetch GET 200 https://registry.npmjs.org/sprintf-js 206ms
387 http fetch GET 200 https://registry.npmjs.org/detect-node 212ms
388 http fetch GET 200 https://registry.npmjs.org/globalthis 224ms
389 http fetch GET 200 https://registry.npmjs.org/type-fest 230ms
390 timing idealTree:node_modules/@vue/devtools/node_modules/global-agent Completed in 254ms
391 timing idealTree:node_modules/@vue/devtools/node_modules/boolean Completed in 0ms
392 timing idealTree:node_modules/@vue/devtools/node_modules/core-js Completed in 0ms
393 timing idealTree:node_modules/@vue/devtools/node_modules/es6-error Completed in 0ms
394 silly placeDep node_modules/@vue/devtools lodash@4.17.21 OK for: global-tunnel-ng@2.7.1 want: ^4.17.10
395 silly placeDep node_modules/@vue/devtools npm-conf@1.1.3 OK for: global-tunnel-ng@2.7.1 want: ^1.1.3
396 silly placeDep node_modules/@vue/devtools tunnel@0.0.6 OK for: global-tunnel-ng@2.7.1 want: ^0.0.6
397 silly fetch manifest config-chain@^1.1.11
398 silly fetch manifest pify@^3.0.0
399 http fetch GET 200 https://registry.npmjs.org/config-chain 56ms
400 http fetch GET 200 https://registry.npmjs.org/pify 70ms
401 timing idealTree:node_modules/@vue/devtools/node_modules/global-tunnel-ng Completed in 82ms
402 silly placeDep node_modules/@vue/devtools @sindresorhus/is@0.14.0 OK for: got@9.6.0 want: ^0.14.0
403 silly placeDep node_modules/@vue/devtools @szmarczak/http-timer@1.1.2 OK for: got@9.6.0 want: ^1.1.2
404 silly placeDep node_modules/@vue/devtools cacheable-request@6.1.0 OK for: got@9.6.0 want: ^6.0.0
405 silly placeDep node_modules/@vue/devtools decompress-response@3.3.0 OK for: got@9.6.0 want: ^3.3.0
406 silly placeDep node_modules/@vue/devtools duplexer3@0.1.4 OK for: got@9.6.0 want: ^0.1.4
407 silly placeDep node_modules/@vue/devtools get-stream@4.1.0 OK for: got@9.6.0 want: ^4.1.0
408 silly placeDep node_modules/@vue/devtools lowercase-keys@1.0.1 OK for: got@9.6.0 want: ^1.0.1
409 silly placeDep node_modules/@vue/devtools mimic-response@1.0.1 OK for: got@9.6.0 want: ^1.0.1
410 silly placeDep node_modules/@vue/devtools p-cancelable@1.1.0 OK for: got@9.6.0 want: ^1.0.0
411 silly placeDep node_modules/@vue/devtools to-readable-stream@1.0.0 OK for: got@9.6.0 want: ^1.0.0
412 silly placeDep node_modules/@vue/devtools url-parse-lax@3.0.0 OK for: got@9.6.0 want: ^3.0.0
413 silly fetch manifest defer-to-connect@^1.0.1
414 silly fetch manifest clone-response@^1.0.2
415 silly fetch manifest get-stream@^5.1.0
416 silly fetch manifest http-cache-semantics@^4.0.0
417 silly fetch manifest keyv@^3.0.0
418 silly fetch manifest lowercase-keys@^2.0.0
419 silly fetch manifest normalize-url@^4.1.0
420 silly fetch manifest responselike@^1.0.2
421 silly fetch manifest pump@^3.0.0
422 silly fetch manifest prepend-http@^2.0.0
423 http fetch GET 200 https://registry.npmjs.org/defer-to-connect 124ms
424 http fetch GET 200 https://registry.npmjs.org/http-cache-semantics 128ms
425 http fetch GET 200 https://registry.npmjs.org/responselike 132ms
426 http fetch GET 200 https://registry.npmjs.org/clone-response 141ms
427 http fetch GET 200 https://registry.npmjs.org/normalize-url 140ms
428 http fetch GET 200 https://registry.npmjs.org/prepend-http 140ms
429 http fetch GET 200 https://registry.npmjs.org/pump 145ms
430 http fetch GET 200 https://registry.npmjs.org/keyv 155ms
431 timing idealTree:node_modules/@vue/devtools/node_modules/got Completed in 179ms
432 timing idealTree:node_modules/@vue/devtools/node_modules/@sindresorhus/is Completed in 0ms
433 silly placeDep node_modules/@vue/devtools defer-to-connect@1.1.3 OK for: @szmarczak/http-timer@1.1.2 want: ^1.0.1
434 timing idealTree:node_modules/@vue/devtools/node_modules/@szmarczak/http-timer Completed in 2ms
435 silly placeDep node_modules/@vue/devtools clone-response@1.0.2 OK for: cacheable-request@6.1.0 want: ^1.0.2
436 silly placeDep node_modules/@vue/devtools/node_modules/cacheable-request get-stream@5.2.0 OK for: cacheable-request@6.1.0 want: ^5.1.0
437 silly placeDep node_modules/@vue/devtools http-cache-semantics@4.1.0 OK for: cacheable-request@6.1.0 want: ^4.0.0
438 silly placeDep node_modules/@vue/devtools keyv@3.1.0 OK for: cacheable-request@6.1.0 want: ^3.0.0
439 silly placeDep node_modules/@vue/devtools/node_modules/cacheable-request lowercase-keys@2.0.0 OK for: cacheable-request@6.1.0 want: ^2.0.0
440 silly placeDep node_modules/@vue/devtools normalize-url@4.5.1 OK for: cacheable-request@6.1.0 want: ^4.1.0
441 silly placeDep node_modules/@vue/devtools responselike@1.0.2 OK for: cacheable-request@6.1.0 want: ^1.0.2
442 silly fetch manifest json-buffer@3.0.0
443 http fetch GET 200 https://registry.npmjs.org/json-buffer 56ms
444 timing idealTree:node_modules/@vue/devtools/node_modules/cacheable-request Completed in 73ms
445 timing idealTree:node_modules/@vue/devtools/node_modules/clone-response Completed in 0ms
446 timing idealTree:node_modules/@vue/devtools/node_modules/decompress-response Completed in 0ms
447 timing idealTree:node_modules/@vue/devtools/node_modules/defer-to-connect Completed in 0ms
448 timing idealTree:node_modules/@vue/devtools/node_modules/duplexer3 Completed in 1ms
449 silly placeDep node_modules/@vue/devtools pump@3.0.0 OK for: get-stream@4.1.0 want: ^3.0.0
450 silly fetch manifest end-of-stream@^1.1.0
451 silly fetch manifest once@^1.3.1
452 http fetch GET 200 https://registry.npmjs.org/end-of-stream 51ms
453 http fetch GET 200 https://registry.npmjs.org/once 52ms
454 timing idealTree:node_modules/@vue/devtools/node_modules/get-stream Completed in 60ms
455 timing idealTree:node_modules/@vue/devtools/node_modules/graceful-fs Completed in 0ms
456 timing idealTree:node_modules/@vue/devtools/node_modules/http-cache-semantics Completed in 0ms
457 silly placeDep node_modules/@vue/devtools/node_modules/http-errors inherits@2.0.3 OK for: http-errors@1.7.2 want: 2.0.3
458 silly placeDep node_modules/@vue/devtools toidentifier@1.0.0 OK for: http-errors@1.7.2 want: 1.0.0
459 timing idealTree:node_modules/@vue/devtools/node_modules/http-errors Completed in 3ms
460 silly placeDep node_modules/@vue/devtools safer-buffer@2.1.2 OK for: iconv-lite@0.4.24 want: >= 2.1.2 < 3
461 timing idealTree:node_modules/@vue/devtools/node_modules/iconv-lite Completed in 1ms
462 timing idealTree:node_modules/@vue/devtools/node_modules/inherits Completed in 0ms
463 timing idealTree:node_modules/@vue/devtools/node_modules/ip Completed in 0ms
464 timing idealTree:node_modules/@vue/devtools/node_modules/jsonfile Completed in 1ms
465 silly placeDep node_modules/@vue/devtools json-buffer@3.0.0 OK for: keyv@3.1.0 want: 3.0.0
466 timing idealTree:node_modules/@vue/devtools/node_modules/keyv Completed in 1ms
467 timing idealTree:node_modules/@vue/devtools/node_modules/json-buffer Completed in 0ms
468 timing idealTree:node_modules/@vue/devtools/node_modules/lodash Completed in 0ms
469 timing idealTree:node_modules/@vue/devtools/node_modules/lowercase-keys Completed in 0ms
470 silly placeDep node_modules/@vue/devtools pseudomap@1.0.2 OK for: lru-cache@4.1.5 want: ^1.0.2
471 silly placeDep node_modules/@vue/devtools yallist@2.1.2 OK for: lru-cache@4.1.5 want: ^2.1.2
472 timing idealTree:node_modules/@vue/devtools/node_modules/lru-cache Completed in 3ms
473 silly placeDep node_modules/@vue/devtools escape-string-regexp@4.0.0 OK for: matcher@3.0.0 want: ^4.0.0
474 timing idealTree:node_modules/@vue/devtools/node_modules/matcher Completed in 1ms
475 timing idealTree:node_modules/@vue/devtools/node_modules/escape-string-regexp Completed in 0ms
476 timing idealTree:node_modules/@vue/devtools/node_modules/merge-descriptors Completed in 0ms
477 timing idealTree:node_modules/@vue/devtools/node_modules/methods Completed in 0ms
478 silly placeDep node_modules/@vue/devtools mime-db@1.48.0 OK for: mime-types@2.1.31 want: 1.48.0
479 timing idealTree:node_modules/@vue/devtools/node_modules/mime-types Completed in 2ms
480 timing idealTree:node_modules/@vue/devtools/node_modules/mime-db Completed in 0ms
481 timing idealTree:node_modules/@vue/devtools/node_modules/mimic-response Completed in 0ms
482 silly placeDep node_modules/@vue/devtools minimist@1.2.5 OK for: mkdirp@0.5.5 want: ^1.2.5
483 timing idealTree:node_modules/@vue/devtools/node_modules/mkdirp Completed in 1ms
484 timing idealTree:node_modules/@vue/devtools/node_modules/minimist Completed in 1ms
485 timing idealTree:node_modules/@vue/devtools/node_modules/ms Completed in 0ms
486 timing idealTree:node_modules/@vue/devtools/node_modules/negotiator Completed in 0ms
487 timing idealTree:node_modules/@vue/devtools/node_modules/normalize-url Completed in 0ms
488 silly placeDep node_modules/@vue/devtools config-chain@1.1.12 OK for: npm-conf@1.1.3 want: ^1.1.11
489 silly placeDep node_modules/@vue/devtools pify@3.0.0 OK for: npm-conf@1.1.3 want: ^3.0.0
490 silly fetch manifest proto-list@~1.2.1
491 silly fetch manifest ini@^1.3.4
492 http fetch GET 200 https://registry.npmjs.org/proto-list 65ms
493 http fetch GET 200 https://registry.npmjs.org/ini 70ms
494 timing idealTree:node_modules/@vue/devtools/node_modules/npm-conf Completed in 78ms
495 silly placeDep node_modules/@vue/devtools ini@1.3.8 OK for: config-chain@1.1.12 want: ^1.3.4
496 silly placeDep node_modules/@vue/devtools proto-list@1.2.4 OK for: config-chain@1.1.12 want: ~1.2.1
497 timing idealTree:node_modules/@vue/devtools/node_modules/config-chain Completed in 7ms
498 timing idealTree:node_modules/@vue/devtools/node_modules/ini Completed in 0ms
499 silly placeDep node_modules/@vue/devtools ee-first@1.1.1 OK for: on-finished@2.3.0 want: 1.1.1
500 timing idealTree:node_modules/@vue/devtools/node_modules/on-finished Completed in 1ms
501 timing idealTree:node_modules/@vue/devtools/node_modules/ee-first Completed in 0ms
502 timing idealTree:node_modules/@vue/devtools/node_modules/p-cancelable Completed in 0ms
503 timing idealTree:node_modules/@vue/devtools/node_modules/parseurl Completed in 0ms
504 timing idealTree:node_modules/@vue/devtools/node_modules/path-to-regexp Completed in 0ms
505 timing idealTree:node_modules/@vue/devtools/node_modules/pify Completed in 0ms
506 timing idealTree:node_modules/@vue/devtools/node_modules/progress Completed in 0ms
507 timing idealTree:node_modules/@vue/devtools/node_modules/proto-list Completed in 0ms
508 silly placeDep node_modules/@vue/devtools forwarded@0.2.0 OK for: proxy-addr@2.0.7 want: 0.2.0
509 silly placeDep node_modules/@vue/devtools ipaddr.js@1.9.1 OK for: proxy-addr@2.0.7 want: 1.9.1
510 timing idealTree:node_modules/@vue/devtools/node_modules/proxy-addr Completed in 4ms
511 timing idealTree:node_modules/@vue/devtools/node_modules/forwarded Completed in 0ms
512 timing idealTree:node_modules/@vue/devtools/node_modules/ipaddr.js Completed in 0ms
513 timing idealTree:node_modules/@vue/devtools/node_modules/pseudomap Completed in 0ms
514 silly placeDep node_modules/@vue/devtools end-of-stream@1.4.4 OK for: pump@3.0.0 want: ^1.1.0
515 silly placeDep node_modules/@vue/devtools once@1.4.0 OK for: pump@3.0.0 want: ^1.3.1
516 silly fetch manifest wrappy@1
517 http fetch GET 200 https://registry.npmjs.org/wrappy 43ms
518 timing idealTree:node_modules/@vue/devtools/node_modules/pump Completed in 53ms
519 timing idealTree:node_modules/@vue/devtools/node_modules/end-of-stream Completed in 0ms
520 silly placeDep node_modules/@vue/devtools wrappy@1.0.2 OK for: once@1.4.0 want: 1
521 timing idealTree:node_modules/@vue/devtools/node_modules/once Completed in 1ms
522 timing idealTree:node_modules/@vue/devtools/node_modules/qs Completed in 0ms
523 timing idealTree:node_modules/@vue/devtools/node_modules/range-parser Completed in 0ms
524 timing idealTree:node_modules/@vue/devtools/node_modules/raw-body Completed in 1ms
525 silly placeDep node_modules/@vue/devtools core-util-is@1.0.2 OK for: readable-stream@2.3.7 want: ~1.0.0
526 silly placeDep node_modules/@vue/devtools isarray@1.0.0 OK for: readable-stream@2.3.7 want: ~1.0.0
527 silly placeDep node_modules/@vue/devtools process-nextick-args@2.0.1 OK for: readable-stream@2.3.7 want: ~2.0.0
528 silly placeDep node_modules/@vue/devtools string_decoder@1.1.1 OK for: readable-stream@2.3.7 want: ~1.1.1
529 silly placeDep node_modules/@vue/devtools util-deprecate@1.0.2 OK for: readable-stream@2.3.7 want: ~1.0.1
530 timing idealTree:node_modules/@vue/devtools/node_modules/readable-stream Completed in 6ms
531 timing idealTree:node_modules/@vue/devtools/node_modules/core-util-is Completed in 0ms
532 timing idealTree:node_modules/@vue/devtools/node_modules/isarray Completed in 0ms
533 timing idealTree:node_modules/@vue/devtools/node_modules/process-nextick-args Completed in 0ms
534 timing idealTree:node_modules/@vue/devtools/node_modules/responselike Completed in 0ms
535 silly placeDep node_modules/@vue/devtools detect-node@2.1.0 OK for: roarr@2.15.4 want: ^2.0.4
536 silly placeDep node_modules/@vue/devtools globalthis@1.0.2 OK for: roarr@2.15.4 want: ^1.0.1
537 silly placeDep node_modules/@vue/devtools json-stringify-safe@5.0.1 OK for: roarr@2.15.4 want: ^5.0.1
538 silly placeDep node_modules/@vue/devtools semver-compare@1.0.0 OK for: roarr@2.15.4 want: ^1.0.0
539 silly placeDep node_modules/@vue/devtools sprintf-js@1.1.2 OK for: roarr@2.15.4 want: ^1.1.2
540 silly fetch manifest define-properties@^1.1.3
541 http fetch GET 200 https://registry.npmjs.org/define-properties 60ms
542 timing idealTree:node_modules/@vue/devtools/node_modules/roarr Completed in 66ms
543 timing idealTree:node_modules/@vue/devtools/node_modules/detect-node Completed in 0ms
544 silly placeDep node_modules/@vue/devtools define-properties@1.1.3 OK for: globalthis@1.0.2 want: ^1.1.3
545 silly fetch manifest object-keys@^1.0.12
546 http fetch GET 200 https://registry.npmjs.org/object-keys 57ms
547 timing idealTree:node_modules/@vue/devtools/node_modules/globalthis Completed in 63ms
548 silly placeDep node_modules/@vue/devtools object-keys@1.1.1 OK for: define-properties@1.1.3 want: ^1.0.12
549 timing idealTree:node_modules/@vue/devtools/node_modules/define-properties Completed in 2ms
550 timing idealTree:node_modules/@vue/devtools/node_modules/json-stringify-safe Completed in 0ms
551 timing idealTree:node_modules/@vue/devtools/node_modules/object-keys Completed in 0ms
552 timing idealTree:node_modules/@vue/devtools/node_modules/safe-buffer Completed in 0ms
553 timing idealTree:node_modules/@vue/devtools/node_modules/safer-buffer Completed in 0ms
554 timing idealTree:node_modules/@vue/devtools/node_modules/semver Completed in 0ms
555 timing idealTree:node_modules/@vue/devtools/node_modules/semver-compare Completed in 0ms
556 silly placeDep node_modules/@vue/devtools/node_modules/send debug@2.6.9 OK for: send@0.17.1 want: 2.6.9
557 silly placeDep node_modules/@vue/devtools destroy@1.0.4 OK for: send@0.17.1 want: ~1.0.4
558 silly placeDep node_modules/@vue/devtools mime@1.6.0 OK for: send@0.17.1 want: 1.6.0
559 silly placeDep node_modules/@vue/devtools/node_modules/send ms@2.1.1 OK for: send@0.17.1 want: 2.1.1
560 timing idealTree:node_modules/@vue/devtools/node_modules/send Completed in 4ms
561 timing idealTree:node_modules/@vue/devtools/node_modules/destroy Completed in 0ms
562 timing idealTree:node_modules/@vue/devtools/node_modules/mime Completed in 0ms
563 silly placeDep node_modules/@vue/devtools type-fest@0.13.1 OK for: serialize-error@7.0.1 want: ^0.13.1
564 timing idealTree:node_modules/@vue/devtools/node_modules/serialize-error Completed in 1ms
565 timing idealTree:node_modules/@vue/devtools/node_modules/serve-static Completed in 0ms
566 timing idealTree:node_modules/@vue/devtools/node_modules/setprototypeof Completed in 0ms
567 silly placeDep node_modules/@vue/devtools shebang-regex@1.0.0 OK for: shebang-command@1.2.0 want: ^1.0.0
568 timing idealTree:node_modules/@vue/devtools/node_modules/shebang-command Completed in 1ms
569 timing idealTree:node_modules/@vue/devtools/node_modules/shebang-regex Completed in 0ms
570 silly placeDep node_modules/@vue/devtools/node_modules/socket.io debug@4.1.1 OK for: socket.io@2.4.1 want: ~4.1.0
571 silly placeDep node_modules/@vue/devtools engine.io@3.5.0 OK for: socket.io@2.4.1 want: ~3.5.0
572 silly placeDep node_modules/@vue/devtools has-binary2@1.0.3 OK for: socket.io@2.4.1 want: ~1.0.2
573 silly placeDep node_modules/@vue/devtools socket.io-adapter@1.1.2 OK for: socket.io@2.4.1 want: ~1.1.0
574 silly placeDep node_modules/@vue/devtools socket.io-client@2.4.0 OK for: socket.io@2.4.1 want: 2.4.0
575 silly placeDep node_modules/@vue/devtools socket.io-parser@3.4.1 OK for: socket.io@2.4.1 want: ~3.4.0
576 silly fetch manifest base64id@2.0.0
577 silly fetch manifest cookie@~0.4.1
578 silly fetch manifest engine.io-parser@~2.2.0
579 silly fetch manifest ws@~7.4.2
580 silly fetch manifest isarray@2.0.1
581 silly fetch manifest backo2@1.0.2
582 silly fetch manifest component-bind@1.0.0
583 silly fetch manifest component-emitter@~1.3.0
584 silly fetch manifest debug@~3.1.0
585 silly fetch manifest engine.io-client@~3.5.0
586 silly fetch manifest indexof@0.0.1
587 silly fetch manifest parseqs@0.0.6
588 silly fetch manifest parseuri@0.0.6
589 silly fetch manifest socket.io-parser@~3.3.0
590 silly fetch manifest to-array@0.1.4
591 silly fetch manifest component-emitter@1.2.1
592 http fetch GET 200 https://registry.npmjs.org/indexof 154ms
593 http fetch GET 200 https://registry.npmjs.org/engine.io-parser 166ms
594 http fetch GET 200 https://registry.npmjs.org/backo2 169ms
595 http fetch GET 200 https://registry.npmjs.org/base64id 177ms
596 http fetch GET 200 https://registry.npmjs.org/parseuri 166ms
597 http fetch GET 200 https://registry.npmjs.org/parseqs 168ms
598 http fetch GET 200 https://registry.npmjs.org/to-array 167ms
599 http fetch GET 200 https://registry.npmjs.org/component-bind 179ms
600 http fetch GET 200 https://registry.npmjs.org/ws 186ms
601 http fetch GET 200 https://registry.npmjs.org/component-emitter 195ms
602 http fetch GET 200 https://registry.npmjs.org/engine.io-client 203ms
603 timing idealTree:node_modules/@vue/devtools/node_modules/socket.io Completed in 229ms
604 silly fetch manifest bufferutil@^4.0.1
605 http fetch GET 200 https://registry.npmjs.org/bufferutil 50ms
606 silly fetch manifest utf-8-validate@^5.0.2
607 http fetch GET 200 https://registry.npmjs.org/utf-8-validate 52ms
608 silly placeDep node_modules/@vue/devtools base64id@2.0.0 OK for: engine.io@3.5.0 want: 2.0.0
609 silly placeDep node_modules/@vue/devtools/node_modules/engine.io cookie@0.4.1 OK for: engine.io@3.5.0 want: ~0.4.1
610 silly placeDep node_modules/@vue/devtools/node_modules/engine.io debug@4.1.1 OK for: engine.io@3.5.0 want: ~4.1.0
611 silly placeDep node_modules/@vue/devtools engine.io-parser@2.2.1 OK for: engine.io@3.5.0 want: ~2.2.0
612 silly placeDep node_modules/@vue/devtools ws@7.4.6 OK for: engine.io@3.5.0 want: ~7.4.2
613 silly fetch manifest after@0.8.2
614 silly fetch manifest arraybuffer.slice@~0.0.7
615 silly fetch manifest base64-arraybuffer@0.1.4
616 silly fetch manifest blob@0.0.5
617 http fetch GET 200 https://registry.npmjs.org/blob 60ms
618 http fetch GET 200 https://registry.npmjs.org/arraybuffer.slice 62ms
619 http fetch GET 200 https://registry.npmjs.org/after 64ms
620 http fetch GET 200 https://registry.npmjs.org/base64-arraybuffer 66ms
621 timing idealTree:node_modules/@vue/devtools/node_modules/engine.io Completed in 182ms
622 timing idealTree:node_modules/@vue/devtools/node_modules/base64id Completed in 0ms
623 silly placeDep node_modules/@vue/devtools after@0.8.2 OK for: engine.io-parser@2.2.1 want: 0.8.2
624 silly placeDep node_modules/@vue/devtools arraybuffer.slice@0.0.7 OK for: engine.io-parser@2.2.1 want: ~0.0.7
625 silly placeDep node_modules/@vue/devtools base64-arraybuffer@0.1.4 OK for: engine.io-parser@2.2.1 want: 0.1.4
626 silly placeDep node_modules/@vue/devtools blob@0.0.5 OK for: engine.io-parser@2.2.1 want: 0.0.5
627 timing idealTree:node_modules/@vue/devtools/node_modules/engine.io-parser Completed in 9ms
628 timing idealTree:node_modules/@vue/devtools/node_modules/after Completed in 0ms
629 timing idealTree:node_modules/@vue/devtools/node_modules/arraybuffer.slice Completed in 0ms
630 timing idealTree:node_modules/@vue/devtools/node_modules/base64-arraybuffer Completed in 0ms
631 timing idealTree:node_modules/@vue/devtools/node_modules/blob Completed in 0ms
632 silly placeDep node_modules/@vue/devtools/node_modules/has-binary2 isarray@2.0.1 OK for: has-binary2@1.0.3 want: 2.0.1
633 timing idealTree:node_modules/@vue/devtools/node_modules/has-binary2 Completed in 2ms
634 timing idealTree:node_modules/@vue/devtools/node_modules/socket.io-adapter Completed in 0ms
635 silly placeDep node_modules/@vue/devtools backo2@1.0.2 OK for: socket.io-client@2.4.0 want: 1.0.2
636 silly placeDep node_modules/@vue/devtools component-bind@1.0.0 OK for: socket.io-client@2.4.0 want: 1.0.0
637 silly placeDep node_modules/@vue/devtools component-emitter@1.3.0 OK for: socket.io-client@2.4.0 want: ~1.3.0
638 silly placeDep node_modules/@vue/devtools/node_modules/socket.io-client debug@3.1.0 OK for: socket.io-client@2.4.0 want: ~3.1.0
639 silly placeDep node_modules/@vue/devtools engine.io-client@3.5.2 OK for: socket.io-client@2.4.0 want: ~3.5.0
640 silly placeDep node_modules/@vue/devtools indexof@0.0.1 OK for: socket.io-client@2.4.0 want: 0.0.1
641 silly placeDep node_modules/@vue/devtools parseqs@0.0.6 OK for: socket.io-client@2.4.0 want: 0.0.6
642 silly placeDep node_modules/@vue/devtools parseuri@0.0.6 OK for: socket.io-client@2.4.0 want: 0.0.6
643 silly placeDep node_modules/@vue/devtools/node_modules/socket.io-client socket.io-parser@3.3.2 OK for: socket.io-client@2.4.0 want: ~3.3.0
644 silly placeDep node_modules/@vue/devtools to-array@0.1.4 OK for: socket.io-client@2.4.0 want: 0.1.4
645 silly fetch manifest component-inherit@0.0.3
646 silly fetch manifest has-cors@1.1.0
647 silly fetch manifest xmlhttprequest-ssl@~1.6.2
648 silly fetch manifest yeast@0.1.2
649 http fetch GET 200 https://registry.npmjs.org/xmlhttprequest-ssl 67ms
650 http fetch GET 200 https://registry.npmjs.org/has-cors 70ms
651 http fetch GET 200 https://registry.npmjs.org/component-inherit 74ms
652 http fetch GET 200 https://registry.npmjs.org/yeast 75ms
653 timing idealTree:node_modules/@vue/devtools/node_modules/socket.io-client Completed in 99ms
654 timing idealTree:node_modules/@vue/devtools/node_modules/backo2 Completed in 0ms
655 timing idealTree:node_modules/@vue/devtools/node_modules/component-bind Completed in 0ms
656 timing idealTree:node_modules/@vue/devtools/node_modules/component-emitter Completed in 0ms
657 silly placeDep node_modules/@vue/devtools component-inherit@0.0.3 OK for: engine.io-client@3.5.2 want: 0.0.3
658 silly placeDep node_modules/@vue/devtools/node_modules/engine.io-client debug@3.1.0 OK for: engine.io-client@3.5.2 want: ~3.1.0
659 silly placeDep node_modules/@vue/devtools has-cors@1.1.0 OK for: engine.io-client@3.5.2 want: 1.1.0
660 silly placeDep node_modules/@vue/devtools xmlhttprequest-ssl@1.6.3 OK for: engine.io-client@3.5.2 want: ~1.6.2
661 silly placeDep node_modules/@vue/devtools yeast@0.1.2 OK for: engine.io-client@3.5.2 want: 0.1.2
662 timing idealTree:node_modules/@vue/devtools/node_modules/engine.io-client Completed in 4ms
663 timing idealTree:node_modules/@vue/devtools/node_modules/component-inherit Completed in 0ms
664 timing idealTree:node_modules/@vue/devtools/node_modules/has-cors Completed in 0ms
665 timing idealTree:node_modules/@vue/devtools/node_modules/indexof Completed in 0ms
666 timing idealTree:node_modules/@vue/devtools/node_modules/parseqs Completed in 0ms
667 timing idealTree:node_modules/@vue/devtools/node_modules/parseuri Completed in 0ms
668 silly placeDep node_modules/@vue/devtools/node_modules/socket.io-parser component-emitter@1.2.1 OK for: socket.io-parser@3.4.1 want: 1.2.1
669 silly placeDep node_modules/@vue/devtools/node_modules/socket.io-parser debug@4.1.1 OK for: socket.io-parser@3.4.1 want: ~4.1.0
670 silly placeDep node_modules/@vue/devtools/node_modules/socket.io-parser isarray@2.0.1 OK for: socket.io-parser@3.4.1 want: 2.0.1
671 timing idealTree:node_modules/@vue/devtools/node_modules/socket.io-parser Completed in 2ms
672 timing idealTree:node_modules/@vue/devtools/node_modules/sprintf-js Completed in 0ms
673 timing idealTree:node_modules/@vue/devtools/node_modules/statuses Completed in 0ms
674 timing idealTree:node_modules/@vue/devtools/node_modules/string_decoder Completed in 0ms
675 timing idealTree:node_modules/@vue/devtools/node_modules/sumchecker Completed in 0ms
676 timing idealTree:node_modules/@vue/devtools/node_modules/to-array Completed in 0ms
677 timing idealTree:node_modules/@vue/devtools/node_modules/to-readable-stream Completed in 0ms
678 timing idealTree:node_modules/@vue/devtools/node_modules/toidentifier Completed in 0ms
679 timing idealTree:node_modules/@vue/devtools/node_modules/tunnel Completed in 0ms
680 timing idealTree:node_modules/@vue/devtools/node_modules/type-fest Completed in 0ms
681 silly placeDep node_modules/@vue/devtools media-typer@0.3.0 OK for: type-is@1.6.18 want: 0.3.0
682 timing idealTree:node_modules/@vue/devtools/node_modules/type-is Completed in 1ms
683 timing idealTree:node_modules/@vue/devtools/node_modules/media-typer Completed in 1ms
684 timing idealTree:node_modules/@vue/devtools/node_modules/typedarray Completed in 0ms
685 timing idealTree:node_modules/@vue/devtools/node_modules/universalify Completed in 0ms
686 timing idealTree:node_modules/@vue/devtools/node_modules/unpipe Completed in 0ms
687 silly placeDep node_modules/@vue/devtools prepend-http@2.0.0 OK for: url-parse-lax@3.0.0 want: ^2.0.0
688 timing idealTree:node_modules/@vue/devtools/node_modules/url-parse-lax Completed in 1ms
689 timing idealTree:node_modules/@vue/devtools/node_modules/prepend-http Completed in 0ms
690 timing idealTree:node_modules/@vue/devtools/node_modules/util-deprecate Completed in 0ms
691 timing idealTree:node_modules/@vue/devtools/node_modules/utils-merge Completed in 0ms
692 timing idealTree:node_modules/@vue/devtools/node_modules/vary Completed in 1ms
693 silly placeDep node_modules/@vue/devtools isexe@2.0.0 OK for: which@1.3.1 want: ^2.0.0
694 timing idealTree:node_modules/@vue/devtools/node_modules/which Completed in 1ms
695 timing idealTree:node_modules/@vue/devtools/node_modules/isexe Completed in 0ms
696 timing idealTree:node_modules/@vue/devtools/node_modules/wrappy Completed in 0ms
697 timing idealTree:node_modules/@vue/devtools/node_modules/ws Completed in 0ms
698 timing idealTree:node_modules/@vue/devtools/node_modules/xmlhttprequest-ssl Completed in 0ms
699 timing idealTree:node_modules/@vue/devtools/node_modules/yallist Completed in 0ms
700 silly placeDep node_modules/@vue/devtools buffer-crc32@0.2.13 OK for: yauzl@2.10.0 want: ~0.2.3
701 silly placeDep node_modules/@vue/devtools fd-slicer@1.1.0 OK for: yauzl@2.10.0 want: ~1.1.0
702 silly fetch manifest pend@~1.2.0
703 http fetch GET 200 https://registry.npmjs.org/pend 1032ms
704 timing idealTree:node_modules/@vue/devtools/node_modules/yauzl Completed in 1036ms
705 timing idealTree:node_modules/@vue/devtools/node_modules/buffer-crc32 Completed in 0ms
706 silly placeDep node_modules/@vue/devtools pend@1.2.0 OK for: fd-slicer@1.1.0 want: ~1.2.0
707 timing idealTree:node_modules/@vue/devtools/node_modules/fd-slicer Completed in 1ms
708 timing idealTree:node_modules/@vue/devtools/node_modules/pend Completed in 0ms
709 timing idealTree:node_modules/@vue/devtools/node_modules/yeast Completed in 0ms
710 silly placeDep node_modules/@vue/devtools/node_modules/body-parser ms@2.0.0 OK for: debug@2.6.9 want: 2.0.0
711 timing idealTree:node_modules/@vue/devtools/node_modules/body-parser/node_modules/debug Completed in 1ms
712 timing idealTree:node_modules/@vue/devtools/node_modules/body-parser/node_modules/ms Completed in 0ms
713 timing idealTree:node_modules/@vue/devtools/node_modules/cacheable-request/node_modules/get-stream Completed in 0ms
714 timing idealTree:node_modules/@vue/devtools/node_modules/cacheable-request/node_modules/lowercase-keys Completed in 0ms
715 silly placeDep node_modules/@vue/devtools/node_modules/engine.io-client ms@2.0.0 OK for: debug@3.1.0 want: 2.0.0
716 timing idealTree:node_modules/@vue/devtools/node_modules/engine.io-client/node_modules/debug Completed in 2ms
717 timing idealTree:node_modules/@vue/devtools/node_modules/engine.io-client/node_modules/ms Completed in 1ms
718 timing idealTree:node_modules/@vue/devtools/node_modules/engine.io/node_modules/cookie Completed in 0ms
719 timing idealTree:node_modules/@vue/devtools/node_modules/engine.io/node_modules/debug Completed in 0ms
720 silly placeDep node_modules/@vue/devtools/node_modules/express ms@2.0.0 OK for: debug@2.6.9 want: 2.0.0
721 timing idealTree:node_modules/@vue/devtools/node_modules/express/node_modules/debug Completed in 1ms
722 timing idealTree:node_modules/@vue/devtools/node_modules/express/node_modules/ms Completed in 0ms
723 silly placeDep node_modules/@vue/devtools/node_modules/extract-zip ms@2.0.0 OK for: debug@2.6.9 want: 2.0.0
724 timing idealTree:node_modules/@vue/devtools/node_modules/extract-zip/node_modules/debug Completed in 1ms
725 timing idealTree:node_modules/@vue/devtools/node_modules/extract-zip/node_modules/ms Completed in 0ms
726 silly placeDep node_modules/@vue/devtools/node_modules/finalhandler ms@2.0.0 OK for: debug@2.6.9 want: 2.0.0
727 timing idealTree:node_modules/@vue/devtools/node_modules/finalhandler/node_modules/debug Completed in 1ms
728 timing idealTree:node_modules/@vue/devtools/node_modules/finalhandler/node_modules/ms Completed in 0ms
729 silly placeDep node_modules/@vue/devtools/node_modules/global-agent lru-cache@6.0.0 OK for: semver@7.3.5 want: ^6.0.0
730 silly fetch manifest yallist@^4.0.0
731 timing idealTree:node_modules/@vue/devtools/node_modules/global-agent/node_modules/semver Completed in 1ms
732 silly placeDep node_modules/@vue/devtools/node_modules/global-agent yallist@4.0.0 OK for: lru-cache@6.0.0 want: ^4.0.0
733 timing idealTree:node_modules/@vue/devtools/node_modules/global-agent/node_modules/lru-cache Completed in 1ms
734 timing idealTree:node_modules/@vue/devtools/node_modules/global-agent/node_modules/yallist Completed in 0ms
735 timing idealTree:node_modules/@vue/devtools/node_modules/has-binary2/node_modules/isarray Completed in 0ms
736 timing idealTree:node_modules/@vue/devtools/node_modules/http-errors/node_modules/inherits Completed in 0ms
737 silly placeDep node_modules/@vue/devtools/node_modules/send/node_modules/debug ms@2.0.0 OK for: debug@2.6.9 want: 2.0.0
738 timing idealTree:node_modules/@vue/devtools/node_modules/send/node_modules/debug Completed in 1ms
739 timing idealTree:node_modules/@vue/devtools/node_modules/send/node_modules/ms Completed in 0ms
740 silly placeDep node_modules/@vue/devtools/node_modules/socket.io-client ms@2.0.0 OK for: debug@3.1.0 want: 2.0.0
741 timing idealTree:node_modules/@vue/devtools/node_modules/socket.io-client/node_modules/debug Completed in 1ms
742 timing idealTree:node_modules/@vue/devtools/node_modules/socket.io-client/node_modules/ms Completed in 0ms
743 silly placeDep node_modules/@vue/devtools/node_modules/socket.io-client isarray@2.0.1 OK for: socket.io-parser@3.3.2 want: 2.0.1
744 timing idealTree:node_modules/@vue/devtools/node_modules/socket.io-client/node_modules/socket.io-parser Completed in 1ms
745 timing idealTree:node_modules/@vue/devtools/node_modules/socket.io-client/node_modules/isarray Completed in 0ms
746 timing idealTree:node_modules/@vue/devtools/node_modules/socket.io-parser/node_modules/component-emitter Completed in 0ms
747 timing idealTree:node_modules/@vue/devtools/node_modules/socket.io-parser/node_modules/debug Completed in 0ms
748 timing idealTree:node_modules/@vue/devtools/node_modules/socket.io-parser/node_modules/isarray Completed in 0ms
749 timing idealTree:node_modules/@vue/devtools/node_modules/socket.io/node_modules/debug Completed in 0ms
750 timing idealTree:node_modules/@vue/devtools/node_modules/send/node_modules/debug/node_modules/ms Completed in 0ms
751 timing idealTree:buildDeps Completed in 8238ms
752 timing idealTree:fixDepFlags Completed in 3ms
753 timing idealTree Completed in 8252ms
754 timing reify:loadTrees Completed in 8528ms
755 timing reify:diffTrees Completed in 32ms
756 silly reify mark retired [
756 silly reify   'C:\\Program Files\\nodejs\\node_modules\\@vue\\devtools',
756 silly reify   'C:\\Program Files\\nodejs\\vue-devtools',
756 silly reify   'C:\\Program Files\\nodejs\\vue-devtools.cmd',
756 silly reify   'C:\\Program Files\\nodejs\\vue-devtools.ps1'
756 silly reify ]
757 silly reify moves {
757 silly reify   'C:\\Program Files\\nodejs\\node_modules\\@vue\\devtools': 'C:\\Program Files\\nodejs\\node_modules\\@vue\\.devtools-DaJHzelL',
757 silly reify   'C:\\Program Files\\nodejs\\vue-devtools': 'C:\\Program Files\\nodejs\\.vue-devtools-xgRMk1C3',
757 silly reify   'C:\\Program Files\\nodejs\\vue-devtools.cmd': 'C:\\Program Files\\nodejs\\.vue-devtools.cmd-4mFPQ5LX',
757 silly reify   'C:\\Program Files\\nodejs\\vue-devtools.ps1': 'C:\\Program Files\\nodejs\\.vue-devtools.ps1-XgA2RPvL'
757 silly reify }
758 timing reify:rollback:retireShallow Completed in 6ms
759 timing command:install Completed in 68638ms
760 notice [40m[37m[39m[49m
760 notice [40m[37mNew [33mminor[39m[37m version of npm available! [31m7.11.2[39m[37m -> [32m7.15.1[39m[37m[39m[49m
760 notice [40m[37mChangelog: [36mhttps://github.com/npm/cli/releases/tag/v7.15.1[39m[37m[39m[49m
760 notice [40m[37mRun [32mnpm install -g npm@7.15.1[39m[37m to update![39m[49m
760 notice [40m[37m[39m[49m
761 verbose stack Error: EPERM: operation not permitted, mkdir 'C:\Program Files\nodejs\node_modules\@vue\.devtools-DaJHzelL'
762 verbose cwd C:\Users\ABH176\source\poc\Vue-learn\vue-getting-started-master\05-interacting-within-a-component\end\vue-heroes
763 verbose Windows_NT 10.0.19042
764 verbose argv "C:\\Program Files\\nodejs\\node.exe" "C:\\Program Files\\nodejs\\node_modules\\npm\\bin\\npm-cli.js" "install" "-g" "@vue/devtools"
765 verbose node v14.15.1
766 verbose npm  v7.11.2
767 error code EPERM
768 error syscall mkdir
769 error path C:\Program Files\nodejs\node_modules\@vue\.devtools-DaJHzelL
770 error errno -4048
771 error Error: EPERM: operation not permitted, mkdir 'C:\Program Files\nodejs\node_modules\@vue\.devtools-DaJHzelL'
771 error  [Error: EPERM: operation not permitted, mkdir 'C:\Program Files\nodejs\node_modules\@vue\.devtools-DaJHzelL'] {
771 error   errno: -4048,
771 error   code: 'EPERM',
771 error   syscall: 'mkdir',
771 error   path: 'C:\\Program Files\\nodejs\\node_modules\\@vue\\.devtools-DaJHzelL'
771 error }
772 error The operation was rejected by your operating system.
772 error It's possible that the file was already in use (by a text editor or antivirus),
772 error or that you lack permissions to access it.
772 error
772 error If you believe this might be a permissions issue, please double-check the
772 error permissions of the file and its containing directories, or try running
772 error the command again as root/Administrator.
773 verbose exit -4048
